[debug] [2025-10-08T15:44:42.001Z] ----------------------------------------------------------------------
[debug] [2025-10-08T15:44:42.005Z] Command:       C:\Program Files\nodejs\node.exe C:\Users\camer\AppData\Roaming\npm\node_modules\firebase-tools\lib\bin\firebase.js init
[debug] [2025-10-08T15:44:42.006Z] CLI Version:   14.19.0
[debug] [2025-10-08T15:44:42.006Z] Platform:      win32
[debug] [2025-10-08T15:44:42.006Z] Node Version:  v22.16.0
[debug] [2025-10-08T15:44:42.007Z] Time:          Wed Oct 08 2025 11:44:42 GMT-0400 (Eastern Daylight Time)
[debug] [2025-10-08T15:44:42.007Z] ----------------------------------------------------------------------
[debug] 
[info] 
     ######## #### ########  ######## ########     ###     ######  ########
     ##        ##  ##     ## ##       ##     ##  ##   ##  ##       ##
     ######    ##  ########  ######   ########  #########  ######  ######
     ##        ##  ##    ##  ##       ##     ## ##     ##       ## ##
     ##       #### ##     ## ######## ########  ##     ##  ######  ########

You're about to initialize a Firebase project in this directory:

  C:\Users\camer\Desktop\Lookbook

[info] 
=== Project Setup
[info] 
[info] First, let's associate this project directory with a Firebase project.
[info] You can create multiple project aliases by running firebase use --add, 
[info] 
[debug] [2025-10-08T15:46:38.877Z] > command requires scopes: ["email","openid","https://www.googleapis.com/auth/cloudplatformprojects.readonly","https://www.googleapis.com/auth/firebase","https://www.googleapis.com/auth/cloud-platform"]
[debug] [2025-10-08T15:46:38.878Z] > authorizing via signed-in user (cameren.e.smith@gmail.com)
[debug] [2025-10-08T15:46:38.880Z] Checked if tokens are valid: true, expires at: 1759941871753
[debug] [2025-10-08T15:46:38.880Z] Checked if tokens are valid: true, expires at: 1759941871753
[debug] [2025-10-08T15:46:38.882Z] >>> [apiv2][query] GET https://firebase.googleapis.com/v1beta1/projects pageSize=100
[debug] [2025-10-08T15:46:39.280Z] <<< [apiv2][status] GET https://firebase.googleapis.com/v1beta1/projects 200
[debug] [2025-10-08T15:46:39.280Z] <<< [apiv2][body] GET https://firebase.googleapis.com/v1beta1/projects [omitted]
[info] 
=== Hosting Setup
[debug] [2025-10-08T15:46:43.186Z] Checked if tokens are valid: true, expires at: 1759941871753
[debug] [2025-10-08T15:46:43.186Z] Checked if tokens are valid: true, expires at: 1759941871753
[debug] [2025-10-08T15:46:43.186Z] >>> [apiv2][query] GET https://firebase.googleapis.com/v1beta1/projects/project-lookbook [none]
[debug] [2025-10-08T15:46:43.370Z] <<< [apiv2][status] GET https://firebase.googleapis.com/v1beta1/projects/project-lookbook 200
[debug] [2025-10-08T15:46:43.370Z] <<< [apiv2][body] GET https://firebase.googleapis.com/v1beta1/projects/project-lookbook {"projectId":"project-lookbook","projectNumber":"420746963131","displayName":"Project-LookBook","name":"projects/project-lookbook","resources":{"hostingSite":"project-lookbook"},"state":"ACTIVE","etag":"1_851b8d13-1637-49f0-a35b-a6798a2b026d"}
[info] 
[info] Your public directory is the folder (relative to your project directory) that
[info] will contain Hosting assets to be uploaded with firebase deploy. If you
[info] have a build process for your assets, use your build's output directory.
[info] 
